2026-02-02T03:44:48 {"cpu": 0.57470703125, "cpu_total": 16, "cpu_usage": 0.035919189453125, "memory": 2086.0, "memory_total": 19640.0, "memory_usage": 0.10621181262729124, "pipeline_run_id": 15, "pipeline_schedule_id": 5, "pipeline_uuid": "qb_invoices_backfill_copy_3", "hostname": "249f5e6a7a89", "level": "INFO", "message": "Pipeline qb_invoices_backfill_copy_3 for run 15 in schedule 5 is alive.", "timestamp": 1770003888.00641, "uuid": "052cd04bc7874e78b4b63ce3a9dbf0f6"}
2026-02-02T03:44:48 {"cpu": 0.57470703125, "cpu_total": 16, "cpu_usage": 0.035919189453125, "memory": 2120.0, "memory_total": 19640.0, "memory_usage": 0.1079429735234216, "pipeline_run_id": 15, "pipeline_schedule_id": 5, "pipeline_uuid": "qb_invoices_backfill_copy_3", "hostname": "249f5e6a7a89", "level": "INFO", "message": "Pipeline qb_invoices_backfill_copy_3 for run 15 in schedule 5 is alive.", "timestamp": 1770003888.146396, "uuid": "f0103d10df4b44b785adc20ecd1b6a3e"}
2026-02-02T03:44:48 {"block_run_id": 2335, "block_uuid": "qb_date_segmenter_2", "pipeline_run_id": 15, "pipeline_schedule_id": 5, "pipeline_uuid": "qb_invoices_backfill_copy_3", "hostname": "249f5e6a7a89", "level": "INFO", "message": "Execute PipelineRun 15, BlockRun 2335: pipeline qb_invoices_backfill_copy_3 block qb_date_segmenter_2", "timestamp": 1770003888.171944, "uuid": "cd9871314b484fa7baa9c64848e834fa"}
2026-02-02T03:44:48 {"block_run_id": 2335, "block_uuid": "qb_date_segmenter_2", "pipeline_run_id": 15, "pipeline_schedule_id": 5, "pipeline_uuid": "qb_invoices_backfill_copy_3", "hostname": "249f5e6a7a89", "level": "INFO", "message": "BlockRun 2335 (block_uuid: qb_date_segmenter_2) completes.", "timestamp": 1770003888.435868, "uuid": "19adcbc35a284bb38c85fe92f3332b75"}
2026-02-02T03:44:57 {"cpu": 0.57373046875, "cpu_total": 16, "cpu_usage": 0.035858154296875, "memory": 2085.0, "memory_total": 19640.0, "memory_usage": 0.10616089613034624, "pipeline_run_id": 15, "pipeline_schedule_id": 5, "pipeline_uuid": "qb_invoices_backfill_copy_3", "hostname": "249f5e6a7a89", "level": "INFO", "message": "Pipeline qb_invoices_backfill_copy_3 for run 15 in schedule 5 is alive.", "timestamp": 1770003897.318423, "uuid": "5363509350bc41e5b42243c5aae2038c"}
2026-02-02T03:44:57 {"block_run_id": 2336, "block_uuid": "qbo_fetcher_2", "pipeline_run_id": 15, "pipeline_schedule_id": 5, "pipeline_uuid": "qb_invoices_backfill_copy_3", "hostname": "249f5e6a7a89", "level": "INFO", "message": "Execute PipelineRun 15, BlockRun 2336: pipeline qb_invoices_backfill_copy_3 block qbo_fetcher_2", "timestamp": 1770003897.529054, "uuid": "5c143634118b4863b3959d1ccf4845b9"}
2026-02-02T03:45:00 {"block_run_id": 2336, "block_uuid": "qbo_fetcher_2", "pipeline_run_id": 15, "pipeline_schedule_id": 5, "pipeline_uuid": "qb_invoices_backfill_copy_3", "hostname": "249f5e6a7a89", "level": "INFO", "message": "BlockRun 2336 (block_uuid: qbo_fetcher_2) completes.", "timestamp": 1770003900.803336, "uuid": "983fab95b07142fd95bf2173b42d5d65"}
2026-02-02T03:45:07 {"cpu": 0.56689453125, "cpu_total": 16, "cpu_usage": 0.035430908203125, "memory": 2086.0, "memory_total": 19640.0, "memory_usage": 0.10621181262729124, "pipeline_run_id": 15, "pipeline_schedule_id": 5, "pipeline_uuid": "qb_invoices_backfill_copy_3", "hostname": "249f5e6a7a89", "level": "INFO", "message": "Pipeline qb_invoices_backfill_copy_3 for run 15 in schedule 5 is alive.", "timestamp": 1770003907.600879, "uuid": "08265fe9c95c43c9bc2d880923378081"}
2026-02-02T03:45:08 {"block_run_id": 2338, "block_uuid": "qbo_fetcher_2:item_backfill_2025-09-01", "pipeline_run_id": 15, "pipeline_schedule_id": 5, "pipeline_uuid": "qb_invoices_backfill_copy_3", "hostname": "249f5e6a7a89", "level": "INFO", "message": "Execute PipelineRun 15, BlockRun 2338: pipeline qb_invoices_backfill_copy_3 block qbo_fetcher_2:item_backfill_2025-09-01", "timestamp": 1770003908.168356, "uuid": "db77810595b2463e8e2f808e06e4eb2d"}
2026-02-02T03:45:09 {"block_run_id": 2339, "block_uuid": "qbo_fetcher_2:item_backfill_2025-09-02", "pipeline_run_id": 15, "pipeline_schedule_id": 5, "pipeline_uuid": "qb_invoices_backfill_copy_3", "hostname": "249f5e6a7a89", "level": "INFO", "message": "Execute PipelineRun 15, BlockRun 2339: pipeline qb_invoices_backfill_copy_3 block qbo_fetcher_2:item_backfill_2025-09-02", "timestamp": 1770003909.200151, "uuid": "1bc8fdb3dd164c9282a5b20c824812eb"}
2026-02-02T03:45:09 {"block_run_id": 2341, "block_uuid": "qbo_fetcher_2:item_backfill_2025-09-04", "pipeline_run_id": 15, "pipeline_schedule_id": 5, "pipeline_uuid": "qb_invoices_backfill_copy_3", "hostname": "249f5e6a7a89", "level": "INFO", "message": "Execute PipelineRun 15, BlockRun 2341: pipeline qb_invoices_backfill_copy_3 block qbo_fetcher_2:item_backfill_2025-09-04", "timestamp": 1770003909.256046, "uuid": "8e1118fef225419ebe495225a251d7da"}
2026-02-02T03:45:09 {"block_run_id": 2342, "block_uuid": "qbo_fetcher_2:item_backfill_2025-09-05", "pipeline_run_id": 15, "pipeline_schedule_id": 5, "pipeline_uuid": "qb_invoices_backfill_copy_3", "hostname": "249f5e6a7a89", "level": "INFO", "message": "Execute PipelineRun 15, BlockRun 2342: pipeline qb_invoices_backfill_copy_3 block qbo_fetcher_2:item_backfill_2025-09-05", "timestamp": 1770003909.259901, "uuid": "e44bdfd11b9847c3b1470929c1e91b2c"}
2026-02-02T03:45:09 {"block_run_id": 2340, "block_uuid": "qbo_fetcher_2:item_backfill_2025-09-03", "pipeline_run_id": 15, "pipeline_schedule_id": 5, "pipeline_uuid": "qb_invoices_backfill_copy_3", "hostname": "249f5e6a7a89", "level": "INFO", "message": "Execute PipelineRun 15, BlockRun 2340: pipeline qb_invoices_backfill_copy_3 block qbo_fetcher_2:item_backfill_2025-09-03", "timestamp": 1770003909.284828, "uuid": "604bee4465df4d24ae1ad34c34e14a34"}
2026-02-02T03:45:10 {"block_run_id": 2338, "block_uuid": "qbo_fetcher_2:item_backfill_2025-09-01", "pipeline_run_id": 15, "pipeline_schedule_id": 5, "pipeline_uuid": "qb_invoices_backfill_copy_3", "hostname": "249f5e6a7a89", "level": "INFO", "message": "BlockRun 2338 (block_uuid: qbo_fetcher_2:item_backfill_2025-09-01) completes.", "timestamp": 1770003910.99231, "uuid": "e50e70787b8b49a0941e75b5de965f1f"}
2026-02-02T03:45:11 {"block_run_id": 2342, "block_uuid": "qbo_fetcher_2:item_backfill_2025-09-05", "pipeline_run_id": 15, "pipeline_schedule_id": 5, "pipeline_uuid": "qb_invoices_backfill_copy_3", "hostname": "249f5e6a7a89", "level": "INFO", "message": "BlockRun 2342 (block_uuid: qbo_fetcher_2:item_backfill_2025-09-05) completes.", "timestamp": 1770003911.120794, "uuid": "24faf7d1f3bc4efb80c98dbaf32b4583"}
2026-02-02T03:45:11 {"block_run_id": 2339, "block_uuid": "qbo_fetcher_2:item_backfill_2025-09-02", "pipeline_run_id": 15, "pipeline_schedule_id": 5, "pipeline_uuid": "qb_invoices_backfill_copy_3", "hostname": "249f5e6a7a89", "level": "INFO", "message": "BlockRun 2339 (block_uuid: qbo_fetcher_2:item_backfill_2025-09-02) completes.", "timestamp": 1770003911.121091, "uuid": "82a2029b035c4e81ae10239e19a22949"}
2026-02-02T03:45:11 {"block_run_id": 2341, "block_uuid": "qbo_fetcher_2:item_backfill_2025-09-04", "pipeline_run_id": 15, "pipeline_schedule_id": 5, "pipeline_uuid": "qb_invoices_backfill_copy_3", "hostname": "249f5e6a7a89", "level": "INFO", "message": "BlockRun 2341 (block_uuid: qbo_fetcher_2:item_backfill_2025-09-04) completes.", "timestamp": 1770003911.140132, "uuid": "55ef36dd43a64ec097452b036fab0944"}
2026-02-02T03:45:11 {"block_run_id": 2343, "block_uuid": "qbo_fetcher_2:item_backfill_2025-09-06", "pipeline_run_id": 15, "pipeline_schedule_id": 5, "pipeline_uuid": "qb_invoices_backfill_copy_3", "hostname": "249f5e6a7a89", "level": "INFO", "message": "Execute PipelineRun 15, BlockRun 2343: pipeline qb_invoices_backfill_copy_3 block qbo_fetcher_2:item_backfill_2025-09-06", "timestamp": 1770003911.254539, "uuid": "d66404dee46242538f80f773ff0d300b"}
2026-02-02T03:45:11 {"block_run_id": 2345, "block_uuid": "qbo_fetcher_2:item_backfill_2025-09-08", "pipeline_run_id": 15, "pipeline_schedule_id": 5, "pipeline_uuid": "qb_invoices_backfill_copy_3", "hostname": "249f5e6a7a89", "level": "INFO", "message": "Execute PipelineRun 15, BlockRun 2345: pipeline qb_invoices_backfill_copy_3 block qbo_fetcher_2:item_backfill_2025-09-08", "timestamp": 1770003911.298279, "uuid": "8f0ee6b1180144d9945361a8dad13743"}
2026-02-02T03:45:11 {"block_run_id": 2346, "block_uuid": "qbo_fetcher_2:item_backfill_2025-09-09", "pipeline_run_id": 15, "pipeline_schedule_id": 5, "pipeline_uuid": "qb_invoices_backfill_copy_3", "hostname": "249f5e6a7a89", "level": "INFO", "message": "Execute PipelineRun 15, BlockRun 2346: pipeline qb_invoices_backfill_copy_3 block qbo_fetcher_2:item_backfill_2025-09-09", "timestamp": 1770003911.318924, "uuid": "bc20d5e0a1194bb29cddbae17262350b"}
2026-02-02T03:45:11 {"block_run_id": 2344, "block_uuid": "qbo_fetcher_2:item_backfill_2025-09-07", "pipeline_run_id": 15, "pipeline_schedule_id": 5, "pipeline_uuid": "qb_invoices_backfill_copy_3", "hostname": "249f5e6a7a89", "level": "INFO", "message": "Execute PipelineRun 15, BlockRun 2344: pipeline qb_invoices_backfill_copy_3 block qbo_fetcher_2:item_backfill_2025-09-07", "timestamp": 1770003911.320506, "uuid": "edc804efa4e048f3a1c7cd33e8b45c61"}
2026-02-02T03:45:11 {"block_run_id": 2340, "block_uuid": "qbo_fetcher_2:item_backfill_2025-09-03", "pipeline_run_id": 15, "pipeline_schedule_id": 5, "pipeline_uuid": "qb_invoices_backfill_copy_3", "hostname": "249f5e6a7a89", "level": "INFO", "message": "BlockRun 2340 (block_uuid: qbo_fetcher_2:item_backfill_2025-09-03) completes.", "timestamp": 1770003911.326478, "uuid": "08a8647ad4f84ad5a452307610564bc8"}
2026-02-02T03:45:12 {"block_run_id": 2347, "block_uuid": "qbo_fetcher_2:item_backfill_2025-09-10", "pipeline_run_id": 15, "pipeline_schedule_id": 5, "pipeline_uuid": "qb_invoices_backfill_copy_3", "hostname": "249f5e6a7a89", "level": "INFO", "message": "Execute PipelineRun 15, BlockRun 2347: pipeline qb_invoices_backfill_copy_3 block qbo_fetcher_2:item_backfill_2025-09-10", "timestamp": 1770003912.285786, "uuid": "c3b738b50575436eab7d3e07fb412d8a"}
2026-02-02T03:45:13 {"block_run_id": 2344, "block_uuid": "qbo_fetcher_2:item_backfill_2025-09-07", "pipeline_run_id": 15, "pipeline_schedule_id": 5, "pipeline_uuid": "qb_invoices_backfill_copy_3", "hostname": "249f5e6a7a89", "level": "INFO", "message": "BlockRun 2344 (block_uuid: qbo_fetcher_2:item_backfill_2025-09-07) completes.", "timestamp": 1770003913.121938, "uuid": "7205271ac69b4858955896c8d7ed86ca"}
2026-02-02T03:45:13 {"block_run_id": 2346, "block_uuid": "qbo_fetcher_2:item_backfill_2025-09-09", "pipeline_run_id": 15, "pipeline_schedule_id": 5, "pipeline_uuid": "qb_invoices_backfill_copy_3", "hostname": "249f5e6a7a89", "level": "INFO", "message": "BlockRun 2346 (block_uuid: qbo_fetcher_2:item_backfill_2025-09-09) completes.", "timestamp": 1770003913.162532, "uuid": "d83b40395fc940d9bc8aa400df208bca"}
2026-02-02T03:45:13 {"block_run_id": 2343, "block_uuid": "qbo_fetcher_2:item_backfill_2025-09-06", "pipeline_run_id": 15, "pipeline_schedule_id": 5, "pipeline_uuid": "qb_invoices_backfill_copy_3", "hostname": "249f5e6a7a89", "level": "INFO", "message": "BlockRun 2343 (block_uuid: qbo_fetcher_2:item_backfill_2025-09-06) completes.", "timestamp": 1770003913.192935, "uuid": "823e5fa45d734d20b3e4fc157956996a"}
2026-02-02T03:45:13 {"block_run_id": 2345, "block_uuid": "qbo_fetcher_2:item_backfill_2025-09-08", "pipeline_run_id": 15, "pipeline_schedule_id": 5, "pipeline_uuid": "qb_invoices_backfill_copy_3", "hostname": "249f5e6a7a89", "level": "INFO", "message": "BlockRun 2345 (block_uuid: qbo_fetcher_2:item_backfill_2025-09-08) completes.", "timestamp": 1770003913.221318, "uuid": "20bba2843b56492da399aa50d7bb6393"}
2026-02-02T03:45:13 {"block_run_id": 2348, "block_uuid": "qbo_fetcher_2:item_backfill_2025-09-11", "pipeline_run_id": 15, "pipeline_schedule_id": 5, "pipeline_uuid": "qb_invoices_backfill_copy_3", "hostname": "249f5e6a7a89", "level": "INFO", "message": "Execute PipelineRun 15, BlockRun 2348: pipeline qb_invoices_backfill_copy_3 block qbo_fetcher_2:item_backfill_2025-09-11", "timestamp": 1770003913.307182, "uuid": "5c6cb37417a44a9d928d5255ead80101"}
2026-02-02T03:45:13 {"block_run_id": 2350, "block_uuid": "qbo_fetcher_2:item_backfill_2025-09-13", "pipeline_run_id": 15, "pipeline_schedule_id": 5, "pipeline_uuid": "qb_invoices_backfill_copy_3", "hostname": "249f5e6a7a89", "level": "INFO", "message": "Execute PipelineRun 15, BlockRun 2350: pipeline qb_invoices_backfill_copy_3 block qbo_fetcher_2:item_backfill_2025-09-13", "timestamp": 1770003913.327376, "uuid": "7310cf8ad8134b96be03e949c1bd4ffd"}
2026-02-02T03:45:13 {"block_run_id": 2349, "block_uuid": "qbo_fetcher_2:item_backfill_2025-09-12", "pipeline_run_id": 15, "pipeline_schedule_id": 5, "pipeline_uuid": "qb_invoices_backfill_copy_3", "hostname": "249f5e6a7a89", "level": "INFO", "message": "Execute PipelineRun 15, BlockRun 2349: pipeline qb_invoices_backfill_copy_3 block qbo_fetcher_2:item_backfill_2025-09-12", "timestamp": 1770003913.334815, "uuid": "74b40f94c6af427d9f71a3418bf87a6b"}
2026-02-02T03:45:14 {"block_run_id": 2347, "block_uuid": "qbo_fetcher_2:item_backfill_2025-09-10", "pipeline_run_id": 15, "pipeline_schedule_id": 5, "pipeline_uuid": "qb_invoices_backfill_copy_3", "hostname": "249f5e6a7a89", "level": "INFO", "message": "BlockRun 2347 (block_uuid: qbo_fetcher_2:item_backfill_2025-09-10) completes.", "timestamp": 1770003914.21555, "uuid": "109eeba96fe14e929461d3b2de75e6bd"}
2026-02-02T03:45:14 {"block_run_id": 2351, "block_uuid": "qbo_fetcher_2:item_backfill_2025-09-14", "pipeline_run_id": 15, "pipeline_schedule_id": 5, "pipeline_uuid": "qb_invoices_backfill_copy_3", "hostname": "249f5e6a7a89", "level": "INFO", "message": "Execute PipelineRun 15, BlockRun 2351: pipeline qb_invoices_backfill_copy_3 block qbo_fetcher_2:item_backfill_2025-09-14", "timestamp": 1770003914.331581, "uuid": "752eb4c115a4435b94c3be888c8b4693"}
2026-02-02T03:45:14 {"block_run_id": 2352, "block_uuid": "qbo_fetcher_2:item_backfill_2025-09-15", "pipeline_run_id": 15, "pipeline_schedule_id": 5, "pipeline_uuid": "qb_invoices_backfill_copy_3", "hostname": "249f5e6a7a89", "level": "INFO", "message": "Execute PipelineRun 15, BlockRun 2352: pipeline qb_invoices_backfill_copy_3 block qbo_fetcher_2:item_backfill_2025-09-15", "timestamp": 1770003914.347382, "uuid": "7f0587e06ec649eb9d3056406fe2875e"}
2026-02-02T03:45:15 {"block_run_id": 2349, "block_uuid": "qbo_fetcher_2:item_backfill_2025-09-12", "pipeline_run_id": 15, "pipeline_schedule_id": 5, "pipeline_uuid": "qb_invoices_backfill_copy_3", "hostname": "249f5e6a7a89", "level": "INFO", "message": "BlockRun 2349 (block_uuid: qbo_fetcher_2:item_backfill_2025-09-12) completes.", "timestamp": 1770003915.505321, "uuid": "b8b0277f42dd49fab4a0de4944693f1c"}
2026-02-02T03:45:15 {"block_run_id": 2350, "block_uuid": "qbo_fetcher_2:item_backfill_2025-09-13", "pipeline_run_id": 15, "pipeline_schedule_id": 5, "pipeline_uuid": "qb_invoices_backfill_copy_3", "hostname": "249f5e6a7a89", "level": "INFO", "message": "BlockRun 2350 (block_uuid: qbo_fetcher_2:item_backfill_2025-09-13) completes.", "timestamp": 1770003915.534454, "uuid": "3a02bedc0a454cb8b2fcf55fd745d58d"}
2026-02-02T03:45:15 {"block_run_id": 2348, "block_uuid": "qbo_fetcher_2:item_backfill_2025-09-11", "pipeline_run_id": 15, "pipeline_schedule_id": 5, "pipeline_uuid": "qb_invoices_backfill_copy_3", "hostname": "249f5e6a7a89", "level": "INFO", "message": "BlockRun 2348 (block_uuid: qbo_fetcher_2:item_backfill_2025-09-11) completes.", "timestamp": 1770003915.564261, "uuid": "c37edd405b75475397334b0c1c09065e"}
2026-02-02T03:45:16 {"block_run_id": 2351, "block_uuid": "qbo_fetcher_2:item_backfill_2025-09-14", "pipeline_run_id": 15, "pipeline_schedule_id": 5, "pipeline_uuid": "qb_invoices_backfill_copy_3", "hostname": "249f5e6a7a89", "level": "INFO", "message": "BlockRun 2351 (block_uuid: qbo_fetcher_2:item_backfill_2025-09-14) completes.", "timestamp": 1770003916.157199, "uuid": "a1e6d562e2114c949e6d7d614f9bc979"}
2026-02-02T03:45:16 {"block_run_id": 2352, "block_uuid": "qbo_fetcher_2:item_backfill_2025-09-15", "pipeline_run_id": 15, "pipeline_schedule_id": 5, "pipeline_uuid": "qb_invoices_backfill_copy_3", "hostname": "249f5e6a7a89", "level": "INFO", "message": "BlockRun 2352 (block_uuid: qbo_fetcher_2:item_backfill_2025-09-15) completes.", "timestamp": 1770003916.178938, "uuid": "8c81de697d754887b77bd5387c00cf57"}
2026-02-02T03:45:16 {"block_run_id": 2353, "block_uuid": "qbo_fetcher_2:item_backfill_2025-09-16", "pipeline_run_id": 15, "pipeline_schedule_id": 5, "pipeline_uuid": "qb_invoices_backfill_copy_3", "hostname": "249f5e6a7a89", "level": "INFO", "message": "Execute PipelineRun 15, BlockRun 2353: pipeline qb_invoices_backfill_copy_3 block qbo_fetcher_2:item_backfill_2025-09-16", "timestamp": 1770003916.369313, "uuid": "9fd8c1b1594b45e6a8cfd9ccc8073e1c"}
2026-02-02T03:45:16 {"block_run_id": 2354, "block_uuid": "qbo_fetcher_2:item_backfill_2025-09-17", "pipeline_run_id": 15, "pipeline_schedule_id": 5, "pipeline_uuid": "qb_invoices_backfill_copy_3", "hostname": "249f5e6a7a89", "level": "INFO", "message": "Execute PipelineRun 15, BlockRun 2354: pipeline qb_invoices_backfill_copy_3 block qbo_fetcher_2:item_backfill_2025-09-17", "timestamp": 1770003916.386483, "uuid": "0f5e7fe15c6e485cb6961918db73f96a"}
2026-02-02T03:45:16 {"block_run_id": 2355, "block_uuid": "qbo_fetcher_2:item_backfill_2025-09-18", "pipeline_run_id": 15, "pipeline_schedule_id": 5, "pipeline_uuid": "qb_invoices_backfill_copy_3", "hostname": "249f5e6a7a89", "level": "INFO", "message": "Execute PipelineRun 15, BlockRun 2355: pipeline qb_invoices_backfill_copy_3 block qbo_fetcher_2:item_backfill_2025-09-18", "timestamp": 1770003916.387023, "uuid": "6720d199c5504912bd56b9564ec2fe7e"}
2026-02-02T03:45:16 {"block_run_id": 2356, "block_uuid": "qbo_fetcher_2:item_backfill_2025-09-19", "pipeline_run_id": 15, "pipeline_schedule_id": 5, "pipeline_uuid": "qb_invoices_backfill_copy_3", "hostname": "249f5e6a7a89", "level": "INFO", "message": "Execute PipelineRun 15, BlockRun 2356: pipeline qb_invoices_backfill_copy_3 block qbo_fetcher_2:item_backfill_2025-09-19", "timestamp": 1770003916.415233, "uuid": "3cc86f540485440cb2e3b345b9804fea"}
2026-02-02T03:45:16 {"block_run_id": 2357, "block_uuid": "qbo_fetcher_2:item_backfill_2025-09-20", "pipeline_run_id": 15, "pipeline_schedule_id": 5, "pipeline_uuid": "qb_invoices_backfill_copy_3", "hostname": "249f5e6a7a89", "level": "INFO", "message": "Execute PipelineRun 15, BlockRun 2357: pipeline qb_invoices_backfill_copy_3 block qbo_fetcher_2:item_backfill_2025-09-20", "timestamp": 1770003916.436736, "uuid": "916efde1633546209283d01664e2d7a1"}
2026-02-02T03:45:17 {"cpu": 0.5712890625, "cpu_total": 16, "cpu_usage": 0.03570556640625, "memory": 2414.0, "memory_total": 19640.0, "memory_usage": 0.12291242362525458, "pipeline_run_id": 15, "pipeline_schedule_id": 5, "pipeline_uuid": "qb_invoices_backfill_copy_3", "hostname": "249f5e6a7a89", "level": "INFO", "message": "Pipeline qb_invoices_backfill_copy_3 for run 15 in schedule 5 is alive.", "timestamp": 1770003917.491751, "uuid": "a75fd063173447ada34094a69cf0682a"}
2026-02-02T03:45:18 {"block_run_id": 2354, "block_uuid": "qbo_fetcher_2:item_backfill_2025-09-17", "pipeline_run_id": 15, "pipeline_schedule_id": 5, "pipeline_uuid": "qb_invoices_backfill_copy_3", "hostname": "249f5e6a7a89", "level": "INFO", "message": "BlockRun 2354 (block_uuid: qbo_fetcher_2:item_backfill_2025-09-17) completes.", "timestamp": 1770003918.187565, "uuid": "453cbb9ef5f64bc4a4327f8c90cd4fe2"}
2026-02-02T03:45:18 {"block_run_id": 2353, "block_uuid": "qbo_fetcher_2:item_backfill_2025-09-16", "pipeline_run_id": 15, "pipeline_schedule_id": 5, "pipeline_uuid": "qb_invoices_backfill_copy_3", "hostname": "249f5e6a7a89", "level": "INFO", "message": "BlockRun 2353 (block_uuid: qbo_fetcher_2:item_backfill_2025-09-16) completes.", "timestamp": 1770003918.224882, "uuid": "2584f867c07544e2b36fbbbaf2687d58"}
2026-02-02T03:45:18 {"block_run_id": 2355, "block_uuid": "qbo_fetcher_2:item_backfill_2025-09-18", "pipeline_run_id": 15, "pipeline_schedule_id": 5, "pipeline_uuid": "qb_invoices_backfill_copy_3", "hostname": "249f5e6a7a89", "level": "INFO", "message": "BlockRun 2355 (block_uuid: qbo_fetcher_2:item_backfill_2025-09-18) completes.", "timestamp": 1770003918.227945, "uuid": "905e45801f5a413bb9fac9408293f537"}
2026-02-02T03:45:18 {"block_run_id": 2356, "block_uuid": "qbo_fetcher_2:item_backfill_2025-09-19", "pipeline_run_id": 15, "pipeline_schedule_id": 5, "pipeline_uuid": "qb_invoices_backfill_copy_3", "hostname": "249f5e6a7a89", "level": "INFO", "message": "BlockRun 2356 (block_uuid: qbo_fetcher_2:item_backfill_2025-09-19) completes.", "timestamp": 1770003918.248122, "uuid": "3decaa37a9d44ed1b63fd25da6864939"}
2026-02-02T03:45:18 {"block_run_id": 2357, "block_uuid": "qbo_fetcher_2:item_backfill_2025-09-20", "pipeline_run_id": 15, "pipeline_schedule_id": 5, "pipeline_uuid": "qb_invoices_backfill_copy_3", "hostname": "249f5e6a7a89", "level": "INFO", "message": "BlockRun 2357 (block_uuid: qbo_fetcher_2:item_backfill_2025-09-20) completes.", "timestamp": 1770003918.279738, "uuid": "a15a46d514694ce2a5af617a9e41329d"}
2026-02-02T03:45:18 {"block_run_id": 2358, "block_uuid": "qbo_fetcher_2:item_backfill_2025-09-21", "pipeline_run_id": 15, "pipeline_schedule_id": 5, "pipeline_uuid": "qb_invoices_backfill_copy_3", "hostname": "249f5e6a7a89", "level": "INFO", "message": "Execute PipelineRun 15, BlockRun 2358: pipeline qb_invoices_backfill_copy_3 block qbo_fetcher_2:item_backfill_2025-09-21", "timestamp": 1770003918.405372, "uuid": "7988350c454a455e80b88ff96a375cff"}
2026-02-02T03:45:18 {"block_run_id": 2360, "block_uuid": "qbo_fetcher_2:item_backfill_2025-09-23", "pipeline_run_id": 15, "pipeline_schedule_id": 5, "pipeline_uuid": "qb_invoices_backfill_copy_3", "hostname": "249f5e6a7a89", "level": "INFO", "message": "Execute PipelineRun 15, BlockRun 2360: pipeline qb_invoices_backfill_copy_3 block qbo_fetcher_2:item_backfill_2025-09-23", "timestamp": 1770003918.428528, "uuid": "7e3ac7e1116a4ea59eb94328bfdde644"}
2026-02-02T03:45:18 {"block_run_id": 2362, "block_uuid": "qbo_fetcher_2:item_backfill_2025-09-25", "pipeline_run_id": 15, "pipeline_schedule_id": 5, "pipeline_uuid": "qb_invoices_backfill_copy_3", "hostname": "249f5e6a7a89", "level": "INFO", "message": "Execute PipelineRun 15, BlockRun 2362: pipeline qb_invoices_backfill_copy_3 block qbo_fetcher_2:item_backfill_2025-09-25", "timestamp": 1770003918.453084, "uuid": "a50df6b865214442b41a6fb4b812a319"}
2026-02-02T03:45:18 {"block_run_id": 2359, "block_uuid": "qbo_fetcher_2:item_backfill_2025-09-22", "pipeline_run_id": 15, "pipeline_schedule_id": 5, "pipeline_uuid": "qb_invoices_backfill_copy_3", "hostname": "249f5e6a7a89", "level": "INFO", "message": "Execute PipelineRun 15, BlockRun 2359: pipeline qb_invoices_backfill_copy_3 block qbo_fetcher_2:item_backfill_2025-09-22", "timestamp": 1770003918.474933, "uuid": "1bdc0ee6df5a49c997b93d38acff873c"}
2026-02-02T03:45:18 {"block_run_id": 2361, "block_uuid": "qbo_fetcher_2:item_backfill_2025-09-24", "pipeline_run_id": 15, "pipeline_schedule_id": 5, "pipeline_uuid": "qb_invoices_backfill_copy_3", "hostname": "249f5e6a7a89", "level": "INFO", "message": "Execute PipelineRun 15, BlockRun 2361: pipeline qb_invoices_backfill_copy_3 block qbo_fetcher_2:item_backfill_2025-09-24", "timestamp": 1770003918.498098, "uuid": "67e826324bd94075a4fca43cca65d9b9"}
2026-02-02T03:45:20 {"block_run_id": 2361, "block_uuid": "qbo_fetcher_2:item_backfill_2025-09-24", "pipeline_run_id": 15, "pipeline_schedule_id": 5, "pipeline_uuid": "qb_invoices_backfill_copy_3", "hostname": "249f5e6a7a89", "level": "INFO", "message": "BlockRun 2361 (block_uuid: qbo_fetcher_2:item_backfill_2025-09-24) completes.", "timestamp": 1770003920.967396, "uuid": "f7d9494126124c9cb3bc4167f868aa17"}
2026-02-02T03:45:21 {"block_run_id": 2360, "block_uuid": "qbo_fetcher_2:item_backfill_2025-09-23", "pipeline_run_id": 15, "pipeline_schedule_id": 5, "pipeline_uuid": "qb_invoices_backfill_copy_3", "hostname": "249f5e6a7a89", "level": "INFO", "message": "BlockRun 2360 (block_uuid: qbo_fetcher_2:item_backfill_2025-09-23) completes.", "timestamp": 1770003921.015472, "uuid": "006ad529a84142a480429fd7f6126997"}
2026-02-02T03:45:21 {"block_run_id": 2359, "block_uuid": "qbo_fetcher_2:item_backfill_2025-09-22", "pipeline_run_id": 15, "pipeline_schedule_id": 5, "pipeline_uuid": "qb_invoices_backfill_copy_3", "hostname": "249f5e6a7a89", "level": "INFO", "message": "BlockRun 2359 (block_uuid: qbo_fetcher_2:item_backfill_2025-09-22) completes.", "timestamp": 1770003921.021206, "uuid": "b2a06fc312e44ab8a67e753c9f66b232"}
2026-02-02T03:45:21 {"block_run_id": 2358, "block_uuid": "qbo_fetcher_2:item_backfill_2025-09-21", "pipeline_run_id": 15, "pipeline_schedule_id": 5, "pipeline_uuid": "qb_invoices_backfill_copy_3", "hostname": "249f5e6a7a89", "level": "INFO", "message": "BlockRun 2358 (block_uuid: qbo_fetcher_2:item_backfill_2025-09-21) completes.", "timestamp": 1770003921.038066, "uuid": "7d72bfbfe0054b928ac0962266a0702a"}
2026-02-02T03:45:21 {"block_run_id": 2362, "block_uuid": "qbo_fetcher_2:item_backfill_2025-09-25", "pipeline_run_id": 15, "pipeline_schedule_id": 5, "pipeline_uuid": "qb_invoices_backfill_copy_3", "hostname": "249f5e6a7a89", "level": "INFO", "message": "BlockRun 2362 (block_uuid: qbo_fetcher_2:item_backfill_2025-09-25) completes.", "timestamp": 1770003921.045471, "uuid": "680b595fd01e4066a70bd742a6d30f5d"}
2026-02-02T03:45:21 {"block_run_id": 2363, "block_uuid": "qbo_fetcher_2:item_backfill_2025-09-26", "pipeline_run_id": 15, "pipeline_schedule_id": 5, "pipeline_uuid": "qb_invoices_backfill_copy_3", "hostname": "249f5e6a7a89", "level": "INFO", "message": "Execute PipelineRun 15, BlockRun 2363: pipeline qb_invoices_backfill_copy_3 block qbo_fetcher_2:item_backfill_2025-09-26", "timestamp": 1770003921.479714, "uuid": "5b30233748354d518a7afb23c3b23901"}
2026-02-02T03:45:21 {"block_run_id": 2364, "block_uuid": "qbo_fetcher_2:item_backfill_2025-09-27", "pipeline_run_id": 15, "pipeline_schedule_id": 5, "pipeline_uuid": "qb_invoices_backfill_copy_3", "hostname": "249f5e6a7a89", "level": "INFO", "message": "Execute PipelineRun 15, BlockRun 2364: pipeline qb_invoices_backfill_copy_3 block qbo_fetcher_2:item_backfill_2025-09-27", "timestamp": 1770003921.48555, "uuid": "fd2f7539f26e45fa81c804475356a095"}
2026-02-02T03:45:21 {"block_run_id": 2367, "block_uuid": "qbo_fetcher_2:item_backfill_2025-09-30", "pipeline_run_id": 15, "pipeline_schedule_id": 5, "pipeline_uuid": "qb_invoices_backfill_copy_3", "hostname": "249f5e6a7a89", "level": "INFO", "message": "Execute PipelineRun 15, BlockRun 2367: pipeline qb_invoices_backfill_copy_3 block qbo_fetcher_2:item_backfill_2025-09-30", "timestamp": 1770003921.505027, "uuid": "41b962ee55f7451d9951f3013de0b181"}
2026-02-02T03:45:21 {"block_run_id": 2365, "block_uuid": "qbo_fetcher_2:item_backfill_2025-09-28", "pipeline_run_id": 15, "pipeline_schedule_id": 5, "pipeline_uuid": "qb_invoices_backfill_copy_3", "hostname": "249f5e6a7a89", "level": "INFO", "message": "Execute PipelineRun 15, BlockRun 2365: pipeline qb_invoices_backfill_copy_3 block qbo_fetcher_2:item_backfill_2025-09-28", "timestamp": 1770003921.505377, "uuid": "f66e97ad80a448c082ae9ae6cd15ce87"}
2026-02-02T03:45:21 {"block_run_id": 2366, "block_uuid": "qbo_fetcher_2:item_backfill_2025-09-29", "pipeline_run_id": 15, "pipeline_schedule_id": 5, "pipeline_uuid": "qb_invoices_backfill_copy_3", "hostname": "249f5e6a7a89", "level": "INFO", "message": "Execute PipelineRun 15, BlockRun 2366: pipeline qb_invoices_backfill_copy_3 block qbo_fetcher_2:item_backfill_2025-09-29", "timestamp": 1770003921.526279, "uuid": "16d690be8c7d4d6d97b8e7b66a6dbfc9"}
2026-02-02T03:45:23 {"block_run_id": 2363, "block_uuid": "qbo_fetcher_2:item_backfill_2025-09-26", "pipeline_run_id": 15, "pipeline_schedule_id": 5, "pipeline_uuid": "qb_invoices_backfill_copy_3", "hostname": "249f5e6a7a89", "level": "INFO", "message": "BlockRun 2363 (block_uuid: qbo_fetcher_2:item_backfill_2025-09-26) completes.", "timestamp": 1770003923.298261, "uuid": "872bfeaaa0e74f0faecda6eb4156cc40"}
2026-02-02T03:45:23 {"block_run_id": 2365, "block_uuid": "qbo_fetcher_2:item_backfill_2025-09-28", "pipeline_run_id": 15, "pipeline_schedule_id": 5, "pipeline_uuid": "qb_invoices_backfill_copy_3", "hostname": "249f5e6a7a89", "level": "INFO", "message": "BlockRun 2365 (block_uuid: qbo_fetcher_2:item_backfill_2025-09-28) completes.", "timestamp": 1770003923.321121, "uuid": "682b4c5188b1416392bb61a1ccfc6f53"}
2026-02-02T03:45:23 {"block_run_id": 2364, "block_uuid": "qbo_fetcher_2:item_backfill_2025-09-27", "pipeline_run_id": 15, "pipeline_schedule_id": 5, "pipeline_uuid": "qb_invoices_backfill_copy_3", "hostname": "249f5e6a7a89", "level": "INFO", "message": "BlockRun 2364 (block_uuid: qbo_fetcher_2:item_backfill_2025-09-27) completes.", "timestamp": 1770003923.342041, "uuid": "665082889917468c83a393fc6db96b3c"}
2026-02-02T03:45:23 {"block_run_id": 2367, "block_uuid": "qbo_fetcher_2:item_backfill_2025-09-30", "pipeline_run_id": 15, "pipeline_schedule_id": 5, "pipeline_uuid": "qb_invoices_backfill_copy_3", "hostname": "249f5e6a7a89", "level": "INFO", "message": "BlockRun 2367 (block_uuid: qbo_fetcher_2:item_backfill_2025-09-30) completes.", "timestamp": 1770003923.360359, "uuid": "6d44517b1629425b801c7d83575aadd9"}
2026-02-02T03:45:23 {"block_run_id": 2366, "block_uuid": "qbo_fetcher_2:item_backfill_2025-09-29", "pipeline_run_id": 15, "pipeline_schedule_id": 5, "pipeline_uuid": "qb_invoices_backfill_copy_3", "hostname": "249f5e6a7a89", "level": "INFO", "message": "BlockRun 2366 (block_uuid: qbo_fetcher_2:item_backfill_2025-09-29) completes.", "timestamp": 1770003923.471172, "uuid": "1537785c79304b66a60a83617b459a13"}
2026-02-02T03:45:23 {"block_run_id": 2368, "block_uuid": "qbo_fetcher_2:item_backfill_2025-10-01", "pipeline_run_id": 15, "pipeline_schedule_id": 5, "pipeline_uuid": "qb_invoices_backfill_copy_3", "hostname": "249f5e6a7a89", "level": "INFO", "message": "Execute PipelineRun 15, BlockRun 2368: pipeline qb_invoices_backfill_copy_3 block qbo_fetcher_2:item_backfill_2025-10-01", "timestamp": 1770003923.522161, "uuid": "f1c3fc6aafb247cca65cd0d44716b487"}
2026-02-02T03:45:23 {"block_run_id": 2369, "block_uuid": "qbo_fetcher_2:item_backfill_2025-10-02", "pipeline_run_id": 15, "pipeline_schedule_id": 5, "pipeline_uuid": "qb_invoices_backfill_copy_3", "hostname": "249f5e6a7a89", "level": "INFO", "message": "Execute PipelineRun 15, BlockRun 2369: pipeline qb_invoices_backfill_copy_3 block qbo_fetcher_2:item_backfill_2025-10-02", "timestamp": 1770003923.541465, "uuid": "543a50da355645378b56a4ffee036727"}
2026-02-02T03:45:23 {"block_run_id": 2370, "block_uuid": "qbo_fetcher_2:item_backfill_2025-10-03", "pipeline_run_id": 15, "pipeline_schedule_id": 5, "pipeline_uuid": "qb_invoices_backfill_copy_3", "hostname": "249f5e6a7a89", "level": "INFO", "message": "Execute PipelineRun 15, BlockRun 2370: pipeline qb_invoices_backfill_copy_3 block qbo_fetcher_2:item_backfill_2025-10-03", "timestamp": 1770003923.576775, "uuid": "a2415830a46a4d53907e14cfc77063e3"}
2026-02-02T03:45:23 {"block_run_id": 2371, "block_uuid": "qbo_fetcher_2:item_backfill_2025-10-04", "pipeline_run_id": 15, "pipeline_schedule_id": 5, "pipeline_uuid": "qb_invoices_backfill_copy_3", "hostname": "249f5e6a7a89", "level": "INFO", "message": "Execute PipelineRun 15, BlockRun 2371: pipeline qb_invoices_backfill_copy_3 block qbo_fetcher_2:item_backfill_2025-10-04", "timestamp": 1770003923.576759, "uuid": "9abc94359c0941f683cd9992c7cea0b4"}
2026-02-02T03:45:24 {"block_run_id": 2372, "block_uuid": "qbo_fetcher_2:item_backfill_2025-10-05", "pipeline_run_id": 15, "pipeline_schedule_id": 5, "pipeline_uuid": "qb_invoices_backfill_copy_3", "hostname": "249f5e6a7a89", "level": "INFO", "message": "Execute PipelineRun 15, BlockRun 2372: pipeline qb_invoices_backfill_copy_3 block qbo_fetcher_2:item_backfill_2025-10-05", "timestamp": 1770003924.545959, "uuid": "72b2362c0b4f4abeb91c3154183dcc4d"}
2026-02-02T03:45:25 {"block_run_id": 2369, "block_uuid": "qbo_fetcher_2:item_backfill_2025-10-02", "pipeline_run_id": 15, "pipeline_schedule_id": 5, "pipeline_uuid": "qb_invoices_backfill_copy_3", "hostname": "249f5e6a7a89", "level": "INFO", "message": "BlockRun 2369 (block_uuid: qbo_fetcher_2:item_backfill_2025-10-02) completes.", "timestamp": 1770003925.39573, "uuid": "aa6478c12e6a4b838cf7d3087bb23bba"}
2026-02-02T03:45:25 {"block_run_id": 2368, "block_uuid": "qbo_fetcher_2:item_backfill_2025-10-01", "pipeline_run_id": 15, "pipeline_schedule_id": 5, "pipeline_uuid": "qb_invoices_backfill_copy_3", "hostname": "249f5e6a7a89", "level": "INFO", "message": "BlockRun 2368 (block_uuid: qbo_fetcher_2:item_backfill_2025-10-01) completes.", "timestamp": 1770003925.42043, "uuid": "6100f1756f77413b876e0230108ceee1"}
2026-02-02T03:45:25 {"block_run_id": 2370, "block_uuid": "qbo_fetcher_2:item_backfill_2025-10-03", "pipeline_run_id": 15, "pipeline_schedule_id": 5, "pipeline_uuid": "qb_invoices_backfill_copy_3", "hostname": "249f5e6a7a89", "level": "INFO", "message": "BlockRun 2370 (block_uuid: qbo_fetcher_2:item_backfill_2025-10-03) completes.", "timestamp": 1770003925.476855, "uuid": "6301b538c2c14ce7aa5892b3473eab5c"}
2026-02-02T03:45:25 {"block_run_id": 2373, "block_uuid": "qbo_fetcher_2:item_backfill_2025-10-06", "pipeline_run_id": 15, "pipeline_schedule_id": 5, "pipeline_uuid": "qb_invoices_backfill_copy_3", "hostname": "249f5e6a7a89", "level": "INFO", "message": "Execute PipelineRun 15, BlockRun 2373: pipeline qb_invoices_backfill_copy_3 block qbo_fetcher_2:item_backfill_2025-10-06", "timestamp": 1770003925.553962, "uuid": "4dc9a577f2b54bbd80ad2541536326d2"}
2026-02-02T03:45:25 {"block_run_id": 2374, "block_uuid": "qbo_fetcher_2:item_backfill_2025-10-07", "pipeline_run_id": 15, "pipeline_schedule_id": 5, "pipeline_uuid": "qb_invoices_backfill_copy_3", "hostname": "249f5e6a7a89", "level": "INFO", "message": "Execute PipelineRun 15, BlockRun 2374: pipeline qb_invoices_backfill_copy_3 block qbo_fetcher_2:item_backfill_2025-10-07", "timestamp": 1770003925.567905, "uuid": "3f245f054ada49fc98030cf0a1575cd6"}
2026-02-02T03:45:26 {"block_run_id": 2375, "block_uuid": "qbo_fetcher_2:item_backfill_2025-10-08", "pipeline_run_id": 15, "pipeline_schedule_id": 5, "pipeline_uuid": "qb_invoices_backfill_copy_3", "hostname": "249f5e6a7a89", "level": "INFO", "message": "Execute PipelineRun 15, BlockRun 2375: pipeline qb_invoices_backfill_copy_3 block qbo_fetcher_2:item_backfill_2025-10-08", "timestamp": 1770003926.570834, "uuid": "0b43f3374d224206a6b3ba820754b702"}
2026-02-02T03:45:27 {"block_run_id": 2372, "block_uuid": "qbo_fetcher_2:item_backfill_2025-10-05", "pipeline_run_id": 15, "pipeline_schedule_id": 5, "pipeline_uuid": "qb_invoices_backfill_copy_3", "hostname": "249f5e6a7a89", "level": "INFO", "message": "BlockRun 2372 (block_uuid: qbo_fetcher_2:item_backfill_2025-10-05) completes.", "timestamp": 1770003927.092666, "uuid": "8499baca30ab44a78aa12848adcf0b74"}
2026-02-02T03:45:27 {"cpu": 0.57568359375, "cpu_total": 16, "cpu_usage": 0.035980224609375, "memory": 2404.0, "memory_total": 19640.0, "memory_usage": 0.12240325865580448, "pipeline_run_id": 15, "pipeline_schedule_id": 5, "pipeline_uuid": "qb_invoices_backfill_copy_3", "hostname": "249f5e6a7a89", "level": "INFO", "message": "Pipeline qb_invoices_backfill_copy_3 for run 15 in schedule 5 is alive.", "timestamp": 1770003927.128254, "uuid": "8afc9ebe920f47809b8fc2c2c2daf01d"}
2026-02-02T03:45:27 {"block_run_id": 2374, "block_uuid": "qbo_fetcher_2:item_backfill_2025-10-07", "pipeline_run_id": 15, "pipeline_schedule_id": 5, "pipeline_uuid": "qb_invoices_backfill_copy_3", "hostname": "249f5e6a7a89", "level": "INFO", "message": "BlockRun 2374 (block_uuid: qbo_fetcher_2:item_backfill_2025-10-07) completes.", "timestamp": 1770003927.367422, "uuid": "fa5455fe70f54f20a616d5a4c1aa619b"}
2026-02-02T03:45:27 {"block_run_id": 2373, "block_uuid": "qbo_fetcher_2:item_backfill_2025-10-06", "pipeline_run_id": 15, "pipeline_schedule_id": 5, "pipeline_uuid": "qb_invoices_backfill_copy_3", "hostname": "249f5e6a7a89", "level": "INFO", "message": "BlockRun 2373 (block_uuid: qbo_fetcher_2:item_backfill_2025-10-06) completes.", "timestamp": 1770003927.401407, "uuid": "bfa05e60e7f44a429c1e591fe5974b8a"}
2026-02-02T03:45:27 {"block_run_id": 2376, "block_uuid": "qbo_fetcher_2:item_backfill_2025-10-09", "pipeline_run_id": 15, "pipeline_schedule_id": 5, "pipeline_uuid": "qb_invoices_backfill_copy_3", "hostname": "249f5e6a7a89", "level": "INFO", "message": "Execute PipelineRun 15, BlockRun 2376: pipeline qb_invoices_backfill_copy_3 block qbo_fetcher_2:item_backfill_2025-10-09", "timestamp": 1770003927.584381, "uuid": "b145323c1e304c1e97cfe123377eee63"}
2026-02-02T03:45:27 {"block_run_id": 2378, "block_uuid": "qbo_fetcher_2:item_backfill_2025-10-11", "pipeline_run_id": 15, "pipeline_schedule_id": 5, "pipeline_uuid": "qb_invoices_backfill_copy_3", "hostname": "249f5e6a7a89", "level": "INFO", "message": "Execute PipelineRun 15, BlockRun 2378: pipeline qb_invoices_backfill_copy_3 block qbo_fetcher_2:item_backfill_2025-10-11", "timestamp": 1770003927.606609, "uuid": "6216097c9add45138dde0628f9e11293"}
2026-02-02T03:45:27 {"block_run_id": 2377, "block_uuid": "qbo_fetcher_2:item_backfill_2025-10-10", "pipeline_run_id": 15, "pipeline_schedule_id": 5, "pipeline_uuid": "qb_invoices_backfill_copy_3", "hostname": "249f5e6a7a89", "level": "INFO", "message": "Execute PipelineRun 15, BlockRun 2377: pipeline qb_invoices_backfill_copy_3 block qbo_fetcher_2:item_backfill_2025-10-10", "timestamp": 1770003927.628283, "uuid": "6ed466155cc24e2f9c26b2fe6ea42b3f"}
2026-02-02T03:45:28 {"block_run_id": 2375, "block_uuid": "qbo_fetcher_2:item_backfill_2025-10-08", "pipeline_run_id": 15, "pipeline_schedule_id": 5, "pipeline_uuid": "qb_invoices_backfill_copy_3", "hostname": "249f5e6a7a89", "level": "INFO", "message": "BlockRun 2375 (block_uuid: qbo_fetcher_2:item_backfill_2025-10-08) completes.", "timestamp": 1770003928.512296, "uuid": "ead92e3f94954e929b3358b12b73ce34"}
2026-02-02T03:45:28 {"block_run_id": 2379, "block_uuid": "qbo_fetcher_2:item_backfill_2025-10-12", "pipeline_run_id": 15, "pipeline_schedule_id": 5, "pipeline_uuid": "qb_invoices_backfill_copy_3", "hostname": "249f5e6a7a89", "level": "INFO", "message": "Execute PipelineRun 15, BlockRun 2379: pipeline qb_invoices_backfill_copy_3 block qbo_fetcher_2:item_backfill_2025-10-12", "timestamp": 1770003928.612115, "uuid": "58d2ded22f8a43c8a1a424accddcd6ad"}
2026-02-02T03:45:29 {"block_run_id": 2371, "block_uuid": "qbo_fetcher_2:item_backfill_2025-10-04", "pipeline_run_id": 15, "pipeline_schedule_id": 5, "pipeline_uuid": "qb_invoices_backfill_copy_3", "hostname": "249f5e6a7a89", "level": "EXCEPTION", "message": "BlockRun 2371 (block_uuid: qbo_fetcher_2:item_backfill_2025-10-04) failed.", "timestamp": 1770003929.320094, "uuid": "ecb1b370c97e4c5485436c0c854c0c89", "error": "Traceback (most recent call last):\n  File \"/usr/local/lib/python3.10/site-packages/urllib3/connectionpool.py\", line 716, in urlopen\n    httplib_response = self._make_request(\n  File \"/usr/local/lib/python3.10/site-packages/urllib3/connectionpool.py\", line 404, in _make_request\n    self._validate_conn(conn)\n  File \"/usr/local/lib/python3.10/site-packages/urllib3/connectionpool.py\", line 1061, in _validate_conn\n    conn.connect()\n  File \"/usr/local/lib/python3.10/site-packages/urllib3/connection.py\", line 419, in connect\n    self.sock = ssl_wrap_socket(\n  File \"/usr/local/lib/python3.10/site-packages/urllib3/util/ssl_.py\", line 458, in ssl_wrap_socket\n    ssl_sock = _ssl_wrap_socket_impl(\n  File \"/usr/local/lib/python3.10/site-packages/urllib3/util/ssl_.py\", line 502, in _ssl_wrap_socket_impl\n    return ssl_context.wrap_socket(sock, server_hostname=server_hostname)\n  File \"/usr/local/lib/python3.10/ssl.py\", line 513, in wrap_socket\n    return self.sslsocket_class._create(\n  File \"/usr/local/lib/python3.10/ssl.py\", line 1104, in _create\n    self.do_handshake()\n  File \"/usr/local/lib/python3.10/ssl.py\", line 1375, in do_handshake\n    self._sslobj.do_handshake()\nssl.SSLEOFError: [SSL: UNEXPECTED_EOF_WHILE_READING] EOF occurred in violation of protocol (_ssl.c:1017)\n\nDuring handling of the above exception, another exception occurred:\n\nTraceback (most recent call last):\n  File \"/usr/local/lib/python3.10/site-packages/requests/adapters.py\", line 486, in send\n    resp = conn.urlopen(\n  File \"/usr/local/lib/python3.10/site-packages/urllib3/connectionpool.py\", line 802, in urlopen\n    retries = retries.increment(\n  File \"/usr/local/lib/python3.10/site-packages/urllib3/util/retry.py\", line 594, in increment\n    raise MaxRetryError(_pool, url, error or ResponseError(cause))\nurllib3.exceptions.MaxRetryError: HTTPSConnectionPool(host='sandbox-quickbooks.api.intuit.com', port=443): Max retries exceeded with url: /v3/company/9341456267433648/query?query=SELECT%20*%20FROM%20Item%20WHERE%20MetaData.LastUpdatedTime%20%3E=%20'2025-10-04'%20AND%20MetaData.LastUpdatedTime%20%3C%20'2025-10-05'%20STARTPOSITION%201%20MAXRESULTS%201000 (Caused by SSLError(SSLEOFError(8, '[SSL: UNEXPECTED_EOF_WHILE_READING] EOF occurred in violation of protocol (_ssl.c:1017)')))\n\nDuring handling of the above exception, another exception occurred:\n\nTraceback (most recent call last):\n  File \"/usr/local/lib/python3.10/site-packages/mage_ai/data_preparation/executors/block_executor.py\", line 647, in execute\n    result = __execute_with_retry()\n  File \"/usr/local/lib/python3.10/site-packages/mage_ai/shared/retry.py\", line 54, in retry_func\n    raise e\n  File \"/usr/local/lib/python3.10/site-packages/mage_ai/shared/retry.py\", line 38, in retry_func\n    return func(*args, **kwargs)\n  File \"/usr/local/lib/python3.10/site-packages/mage_ai/data_preparation/executors/block_executor.py\", line 621, in __execute_with_retry\n    return self._execute(\n  File \"/usr/local/lib/python3.10/site-packages/mage_ai/data_preparation/executors/block_executor.py\", line 1154, in _execute\n    result = self.block.execute_sync(\n  File \"/usr/local/lib/python3.10/site-packages/mage_ai/data_preparation/models/block/__init__.py\", line 1691, in execute_sync\n    return __execute()\n  File \"/usr/local/lib/python3.10/site-packages/mage_ai/data_preparation/models/block/__init__.py\", line 1668, in __execute\n    raise err\n  File \"/usr/local/lib/python3.10/site-packages/mage_ai/data_preparation/models/block/__init__.py\", line 1570, in __execute\n    output = self.execute_block(\n  File \"/usr/local/lib/python3.10/site-packages/mage_ai/data_preparation/models/block/__init__.py\", line 1910, in execute_block\n    outputs = self._execute_block(\n  File \"/usr/local/lib/python3.10/site-packages/mage_ai/data_preparation/models/block/__init__.py\", line 2073, in _execute_block\n    outputs = self.execute_block_function(\n  File \"/usr/local/lib/python3.10/site-packages/mage_ai/data_preparation/models/block/__init__.py\", line 2169, in execute_block_function\n    output = block_function_updated(*input_vars, **global_vars)\n  File \"<string>\", line 81, in load_chunk\n  File \"<string>\", line 32, in fetch_with_retry\n  File \"/usr/local/lib/python3.10/site-packages/requests/api.py\", line 73, in get\n    return request(\"get\", url, params=params, **kwargs)\n  File \"/usr/local/lib/python3.10/site-packages/requests/api.py\", line 59, in request\n    return session.request(method=method, url=url, **kwargs)\n  File \"/usr/local/lib/python3.10/site-packages/requests/sessions.py\", line 589, in request\n    resp = self.send(prep, **send_kwargs)\n  File \"/usr/local/lib/python3.10/site-packages/requests/sessions.py\", line 703, in send\n    r = adapter.send(request, **kwargs)\n  File \"/usr/local/lib/python3.10/site-packages/requests/adapters.py\", line 517, in send\n    raise SSLError(e, request=request)\nrequests.exceptions.SSLError: HTTPSConnectionPool(host='sandbox-quickbooks.api.intuit.com', port=443): Max retries exceeded with url: /v3/company/9341456267433648/query?query=SELECT%20*%20FROM%20Item%20WHERE%20MetaData.LastUpdatedTime%20%3E=%20'2025-10-04'%20AND%20MetaData.LastUpdatedTime%20%3C%20'2025-10-05'%20STARTPOSITION%201%20MAXRESULTS%201000 (Caused by SSLError(SSLEOFError(8, '[SSL: UNEXPECTED_EOF_WHILE_READING] EOF occurred in violation of protocol (_ssl.c:1017)')))\n", "error_stack": ["  File \"/usr/local/bin/mage\", line 8, in <module>\n    sys.exit(app())\n", "  File \"/usr/local/lib/python3.10/site-packages/typer/main.py\", line 311, in __call__\n    return get_command(self)(*args, **kwargs)\n", "  File \"/usr/local/lib/python3.10/site-packages/click/core.py\", line 1161, in __call__\n    return self.main(*args, **kwargs)\n", "  File \"/usr/local/lib/python3.10/site-packages/typer/core.py\", line 778, in main\n    return _main(\n", "  File \"/usr/local/lib/python3.10/site-packages/typer/core.py\", line 216, in _main\n    rv = self.invoke(ctx)\n", "  File \"/usr/local/lib/python3.10/site-packages/click/core.py\", line 1697, in invoke\n    return _process_result(sub_ctx.command.invoke(sub_ctx))\n", "  File \"/usr/local/lib/python3.10/site-packages/click/core.py\", line 1443, in invoke\n    return ctx.invoke(self.callback, **ctx.params)\n", "  File \"/usr/local/lib/python3.10/site-packages/click/core.py\", line 788, in invoke\n    return __callback(*args, **kwargs)\n", "  File \"/usr/local/lib/python3.10/site-packages/typer/main.py\", line 683, in wrapper\n    return callback(**use_params)  # type: ignore\n", "  File \"/usr/local/lib/python3.10/site-packages/mage_ai/cli/main.py\", line 147, in start\n    start_server(\n", "  File \"/usr/local/lib/python3.10/site-packages/mage_ai/server/server.py\", line 813, in start_server\n    scheduler_manager.start_scheduler()\n", "  File \"/usr/local/lib/python3.10/site-packages/mage_ai/server/scheduler_manager.py\", line 108, in start_scheduler\n    proc.start()\n", "  File \"/usr/local/lib/python3.10/multiprocessing/process.py\", line 121, in start\n    self._popen = self._Popen(self)\n", "  File \"/usr/local/lib/python3.10/multiprocessing/context.py\", line 224, in _Popen\n    return _default_context.get_context().Process._Popen(process_obj)\n", "  File \"/usr/local/lib/python3.10/multiprocessing/context.py\", line 281, in _Popen\n    return Popen(process_obj)\n", "  File \"/usr/local/lib/python3.10/multiprocessing/popen_fork.py\", line 19, in __init__\n    self._launch(process_obj)\n", "  File \"/usr/local/lib/python3.10/multiprocessing/popen_fork.py\", line 71, in _launch\n    code = process_obj._bootstrap(parent_sentinel=child_r)\n", "  File \"/usr/local/lib/python3.10/multiprocessing/process.py\", line 314, in _bootstrap\n    self.run()\n", "  File \"/usr/local/lib/python3.10/multiprocessing/process.py\", line 108, in run\n    self._target(*self._args, **self._kwargs)\n", "  File \"/usr/local/lib/python3.10/site-packages/mage_ai/orchestration/db/process.py\", line 15, in start_session_and_run\n    results = target(*args)\n", "  File \"/usr/local/lib/python3.10/site-packages/mage_ai/server/scheduler_manager.py\", line 60, in run_scheduler\n    LoopTimeTrigger().start()\n", "  File \"/usr/local/lib/python3.10/site-packages/mage_ai/orchestration/triggers/loop_time_trigger.py\", line 14, in start\n    self.run()\n", "  File \"/usr/local/lib/python3.10/site-packages/mage_ai/orchestration/triggers/time_trigger.py\", line 11, in run\n    schedule_all()\n", "  File \"/usr/local/lib/python3.10/site-packages/mage_ai/orchestration/pipeline_scheduler_original.py\", line 1819, in schedule_all\n    PipelineScheduler(r).schedule()\n", "  File \"/usr/local/lib/python3.10/site-packages/mage_ai/orchestration/db/__init__.py\", line 159, in func_with_rollback\n    return func(*args, **kwargs)\n", "  File \"/usr/local/lib/python3.10/site-packages/mage_ai/orchestration/pipeline_scheduler_original.py\", line 334, in schedule\n    self.__schedule_blocks(block_runs)\n", "  File \"/usr/local/lib/python3.10/site-packages/mage_ai/orchestration/pipeline_scheduler_original.py\", line 641, in __schedule_blocks\n    job_manager.add_job(\n", "  File \"/usr/local/lib/python3.10/site-packages/mage_ai/orchestration/job_manager.py\", line 21, in add_job\n    self.queue.enqueue(job_id, target, *args, **kwargs)\n", "  File \"/usr/local/lib/python3.10/site-packages/mage_ai/orchestration/queue/process_queue.py\", line 122, in enqueue\n    self.start_worker_pool()\n", "  File \"/usr/local/lib/python3.10/site-packages/mage_ai/orchestration/queue/process_queue.py\", line 199, in start_worker_pool\n    self.worker_pool_proc.start()\n", "  File \"/usr/local/lib/python3.10/multiprocessing/process.py\", line 121, in start\n    self._popen = self._Popen(self)\n", "  File \"/usr/local/lib/python3.10/multiprocessing/context.py\", line 224, in _Popen\n    return _default_context.get_context().Process._Popen(process_obj)\n", "  File \"/usr/local/lib/python3.10/multiprocessing/context.py\", line 281, in _Popen\n    return Popen(process_obj)\n", "  File \"/usr/local/lib/python3.10/multiprocessing/popen_fork.py\", line 19, in __init__\n    self._launch(process_obj)\n", "  File \"/usr/local/lib/python3.10/multiprocessing/popen_fork.py\", line 71, in _launch\n    code = process_obj._bootstrap(parent_sentinel=child_r)\n", "  File \"/usr/local/lib/python3.10/multiprocessing/process.py\", line 314, in _bootstrap\n    self.run()\n", "  File \"/usr/local/lib/python3.10/multiprocessing/process.py\", line 108, in run\n    self._target(*self._args, **self._kwargs)\n", "  File \"/usr/local/lib/python3.10/site-packages/mage_ai/orchestration/queue/process_queue.py\", line 355, in poll_job_and_execute\n    worker.start()\n", "  File \"/usr/local/lib/python3.10/multiprocessing/process.py\", line 121, in start\n    self._popen = self._Popen(self)\n", "  File \"/usr/local/lib/python3.10/multiprocessing/context.py\", line 224, in _Popen\n    return _default_context.get_context().Process._Popen(process_obj)\n", "  File \"/usr/local/lib/python3.10/multiprocessing/context.py\", line 281, in _Popen\n    return Popen(process_obj)\n", "  File \"/usr/local/lib/python3.10/multiprocessing/popen_fork.py\", line 19, in __init__\n    self._launch(process_obj)\n", "  File \"/usr/local/lib/python3.10/multiprocessing/popen_fork.py\", line 71, in _launch\n    code = process_obj._bootstrap(parent_sentinel=child_r)\n", "  File \"/usr/local/lib/python3.10/multiprocessing/process.py\", line 314, in _bootstrap\n    self.run()\n", "  File \"/usr/local/lib/python3.10/site-packages/newrelic/api/background_task.py\", line 117, in wrapper\n    return wrapped(*args, **kwargs)\n", "  File \"/usr/local/lib/python3.10/site-packages/mage_ai/orchestration/queue/process_queue.py\", line 319, in run\n    start_session_and_run(args[1], *args[2], **args[3])\n", "  File \"/usr/local/lib/python3.10/site-packages/mage_ai/orchestration/db/process.py\", line 15, in start_session_and_run\n    results = target(*args)\n", "  File \"/usr/local/lib/python3.10/site-packages/mage_ai/orchestration/pipeline_scheduler_original.py\", line 1311, in run_block\n    return ExecutorFactory.get_block_executor(\n", "  File \"/usr/local/lib/python3.10/site-packages/mage_ai/data_preparation/executors/block_executor.py\", line 682, in execute\n    on_failure(\n", "  File \"/usr/local/lib/python3.10/site-packages/mage_ai/orchestration/db/__init__.py\", line 159, in func_with_rollback\n    return func(*args, **kwargs)\n", "  File \"/usr/local/lib/python3.10/site-packages/mage_ai/orchestration/pipeline_scheduler_original.py\", line 465, in on_block_failure\n    self.logger.exception(\n", "  File \"/usr/local/lib/python3.10/site-packages/mage_ai/data_preparation/logging/logger.py\", line 30, in exception\n    self.__send_message('exception', message, **kwargs)\n", "  File \"/usr/local/lib/python3.10/site-packages/mage_ai/data_preparation/logging/logger.py\", line 65, in __send_message\n    data['error_stack'] = traceback.format_stack()\n"], "error_stacktrace": "HTTPSConnectionPool(host='sandbox-quickbooks.api.intuit.com', port=443): Max retries exceeded with url: /v3/company/9341456267433648/query?query=SELECT%20*%20FROM%20Item%20WHERE%20MetaData.LastUpdatedTime%20%3E=%20'2025-10-04'%20AND%20MetaData.LastUpdatedTime%20%3C%20'2025-10-05'%20STARTPOSITION%201%20MAXRESULTS%201000 (Caused by SSLError(SSLEOFError(8, '[SSL: UNEXPECTED_EOF_WHILE_READING] EOF occurred in violation of protocol (_ssl.c:1017)')))"}
Traceback (most recent call last):
  File "/usr/local/lib/python3.10/site-packages/urllib3/connectionpool.py", line 716, in urlopen
    httplib_response = self._make_request(
  File "/usr/local/lib/python3.10/site-packages/urllib3/connectionpool.py", line 404, in _make_request
    self._validate_conn(conn)
  File "/usr/local/lib/python3.10/site-packages/urllib3/connectionpool.py", line 1061, in _validate_conn
    conn.connect()
  File "/usr/local/lib/python3.10/site-packages/urllib3/connection.py", line 419, in connect
    self.sock = ssl_wrap_socket(
  File "/usr/local/lib/python3.10/site-packages/urllib3/util/ssl_.py", line 458, in ssl_wrap_socket
    ssl_sock = _ssl_wrap_socket_impl(
  File "/usr/local/lib/python3.10/site-packages/urllib3/util/ssl_.py", line 502, in _ssl_wrap_socket_impl
    return ssl_context.wrap_socket(sock, server_hostname=server_hostname)
  File "/usr/local/lib/python3.10/ssl.py", line 513, in wrap_socket
    return self.sslsocket_class._create(
  File "/usr/local/lib/python3.10/ssl.py", line 1104, in _create
    self.do_handshake()
  File "/usr/local/lib/python3.10/ssl.py", line 1375, in do_handshake
    self._sslobj.do_handshake()
ssl.SSLEOFError: [SSL: UNEXPECTED_EOF_WHILE_READING] EOF occurred in violation of protocol (_ssl.c:1017)

During handling of the above exception, another exception occurred:

Traceback (most recent call last):
  File "/usr/local/lib/python3.10/site-packages/requests/adapters.py", line 486, in send
    resp = conn.urlopen(
  File "/usr/local/lib/python3.10/site-packages/urllib3/connectionpool.py", line 802, in urlopen
    retries = retries.increment(
  File "/usr/local/lib/python3.10/site-packages/urllib3/util/retry.py", line 594, in increment
    raise MaxRetryError(_pool, url, error or ResponseError(cause))
urllib3.exceptions.MaxRetryError: HTTPSConnectionPool(host='sandbox-quickbooks.api.intuit.com', port=443): Max retries exceeded with url: /v3/company/9341456267433648/query?query=SELECT%20*%20FROM%20Item%20WHERE%20MetaData.LastUpdatedTime%20%3E=%20'2025-10-04'%20AND%20MetaData.LastUpdatedTime%20%3C%20'2025-10-05'%20STARTPOSITION%201%20MAXRESULTS%201000 (Caused by SSLError(SSLEOFError(8, '[SSL: UNEXPECTED_EOF_WHILE_READING] EOF occurred in violation of protocol (_ssl.c:1017)')))

During handling of the above exception, another exception occurred:

Traceback (most recent call last):
  File "/usr/local/lib/python3.10/site-packages/mage_ai/data_preparation/executors/block_executor.py", line 647, in execute
    result = __execute_with_retry()
  File "/usr/local/lib/python3.10/site-packages/mage_ai/shared/retry.py", line 54, in retry_func
    raise e
  File "/usr/local/lib/python3.10/site-packages/mage_ai/shared/retry.py", line 38, in retry_func
    return func(*args, **kwargs)
  File "/usr/local/lib/python3.10/site-packages/mage_ai/data_preparation/executors/block_executor.py", line 621, in __execute_with_retry
    return self._execute(
  File "/usr/local/lib/python3.10/site-packages/mage_ai/data_preparation/executors/block_executor.py", line 1154, in _execute
    result = self.block.execute_sync(
  File "/usr/local/lib/python3.10/site-packages/mage_ai/data_preparation/models/block/__init__.py", line 1691, in execute_sync
    return __execute()
  File "/usr/local/lib/python3.10/site-packages/mage_ai/data_preparation/models/block/__init__.py", line 1668, in __execute
    raise err
  File "/usr/local/lib/python3.10/site-packages/mage_ai/data_preparation/models/block/__init__.py", line 1570, in __execute
    output = self.execute_block(
  File "/usr/local/lib/python3.10/site-packages/mage_ai/data_preparation/models/block/__init__.py", line 1910, in execute_block
    outputs = self._execute_block(
  File "/usr/local/lib/python3.10/site-packages/mage_ai/data_preparation/models/block/__init__.py", line 2073, in _execute_block
    outputs = self.execute_block_function(
  File "/usr/local/lib/python3.10/site-packages/mage_ai/data_preparation/models/block/__init__.py", line 2169, in execute_block_function
    output = block_function_updated(*input_vars, **global_vars)
  File "<string>", line 81, in load_chunk
  File "<string>", line 32, in fetch_with_retry
  File "/usr/local/lib/python3.10/site-packages/requests/api.py", line 73, in get
    return request("get", url, params=params, **kwargs)
  File "/usr/local/lib/python3.10/site-packages/requests/api.py", line 59, in request
    return session.request(method=method, url=url, **kwargs)
  File "/usr/local/lib/python3.10/site-packages/requests/sessions.py", line 589, in request
    resp = self.send(prep, **send_kwargs)
  File "/usr/local/lib/python3.10/site-packages/requests/sessions.py", line 703, in send
    r = adapter.send(request, **kwargs)
  File "/usr/local/lib/python3.10/site-packages/requests/adapters.py", line 517, in send
    raise SSLError(e, request=request)
requests.exceptions.SSLError: HTTPSConnectionPool(host='sandbox-quickbooks.api.intuit.com', port=443): Max retries exceeded with url: /v3/company/9341456267433648/query?query=SELECT%20*%20FROM%20Item%20WHERE%20MetaData.LastUpdatedTime%20%3E=%20'2025-10-04'%20AND%20MetaData.LastUpdatedTime%20%3C%20'2025-10-05'%20STARTPOSITION%201%20MAXRESULTS%201000 (Caused by SSLError(SSLEOFError(8, '[SSL: UNEXPECTED_EOF_WHILE_READING] EOF occurred in violation of protocol (_ssl.c:1017)')))
2026-02-02T03:45:29 {"block_run_id": 2376, "block_uuid": "qbo_fetcher_2:item_backfill_2025-10-09", "pipeline_run_id": 15, "pipeline_schedule_id": 5, "pipeline_uuid": "qb_invoices_backfill_copy_3", "hostname": "249f5e6a7a89", "level": "INFO", "message": "BlockRun 2376 (block_uuid: qbo_fetcher_2:item_backfill_2025-10-09) completes.", "timestamp": 1770003929.436545, "uuid": "2d304e55369f4a11aff72c567025f0c3"}
2026-02-02T03:45:29 {"block_run_id": 2378, "block_uuid": "qbo_fetcher_2:item_backfill_2025-10-11", "pipeline_run_id": 15, "pipeline_schedule_id": 5, "pipeline_uuid": "qb_invoices_backfill_copy_3", "hostname": "249f5e6a7a89", "level": "INFO", "message": "BlockRun 2378 (block_uuid: qbo_fetcher_2:item_backfill_2025-10-11) completes.", "timestamp": 1770003929.460273, "uuid": "cf8808efe1ce4cb688a154660745d85e"}
2026-02-02T03:45:29 {"block_run_id": 2377, "block_uuid": "qbo_fetcher_2:item_backfill_2025-10-10", "pipeline_run_id": 15, "pipeline_schedule_id": 5, "pipeline_uuid": "qb_invoices_backfill_copy_3", "hostname": "249f5e6a7a89", "level": "INFO", "message": "BlockRun 2377 (block_uuid: qbo_fetcher_2:item_backfill_2025-10-10) completes.", "timestamp": 1770003929.523815, "uuid": "f3dcd38cbfda41ffa62e842eb094a142"}
2026-02-02T03:45:29 {"block_run_id": 2380, "block_uuid": "qbo_fetcher_2:item_backfill_2025-10-13", "pipeline_run_id": 15, "pipeline_schedule_id": 5, "pipeline_uuid": "qb_invoices_backfill_copy_3", "hostname": "249f5e6a7a89", "level": "INFO", "message": "Execute PipelineRun 15, BlockRun 2380: pipeline qb_invoices_backfill_copy_3 block qbo_fetcher_2:item_backfill_2025-10-13", "timestamp": 1770003929.636657, "uuid": "90de8dd5301d42b985255af7a3d0b86f"}
2026-02-02T03:45:29 {"block_run_id": 2381, "block_uuid": "qbo_fetcher_2:item_backfill_2025-10-14", "pipeline_run_id": 15, "pipeline_schedule_id": 5, "pipeline_uuid": "qb_invoices_backfill_copy_3", "hostname": "249f5e6a7a89", "level": "INFO", "message": "Execute PipelineRun 15, BlockRun 2381: pipeline qb_invoices_backfill_copy_3 block qbo_fetcher_2:item_backfill_2025-10-14", "timestamp": 1770003929.673216, "uuid": "1bcbc2ee95e14fd4a9fad130834e564e"}
2026-02-02T03:45:29 {"block_run_id": 2382, "block_uuid": "qbo_fetcher_2:item_backfill_2025-10-15", "pipeline_run_id": 15, "pipeline_schedule_id": 5, "pipeline_uuid": "qb_invoices_backfill_copy_3", "hostname": "249f5e6a7a89", "level": "INFO", "message": "Execute PipelineRun 15, BlockRun 2382: pipeline qb_invoices_backfill_copy_3 block qbo_fetcher_2:item_backfill_2025-10-15", "timestamp": 1770003929.687666, "uuid": "215487b3e8df4d6ab5a135f9a2098f55"}
2026-02-02T03:45:29 {"block_run_id": 2383, "block_uuid": "qbo_fetcher_2:item_backfill_2025-10-16", "pipeline_run_id": 15, "pipeline_schedule_id": 5, "pipeline_uuid": "qb_invoices_backfill_copy_3", "hostname": "249f5e6a7a89", "level": "INFO", "message": "Execute PipelineRun 15, BlockRun 2383: pipeline qb_invoices_backfill_copy_3 block qbo_fetcher_2:item_backfill_2025-10-16", "timestamp": 1770003929.687884, "uuid": "b3bda096c8ef4e76ad5363071be8843b"}
2026-02-02T03:45:30 {"block_run_id": 2379, "block_uuid": "qbo_fetcher_2:item_backfill_2025-10-12", "pipeline_run_id": 15, "pipeline_schedule_id": 5, "pipeline_uuid": "qb_invoices_backfill_copy_3", "hostname": "249f5e6a7a89", "level": "INFO", "message": "BlockRun 2379 (block_uuid: qbo_fetcher_2:item_backfill_2025-10-12) completes.", "timestamp": 1770003930.570125, "uuid": "7525388c8a9f4fd788b3993a0235d06b"}
2026-02-02T03:45:30 {"block_run_id": 2384, "block_uuid": "qbo_fetcher_2:item_backfill_2025-10-17", "pipeline_run_id": 15, "pipeline_schedule_id": 5, "pipeline_uuid": "qb_invoices_backfill_copy_3", "hostname": "249f5e6a7a89", "level": "INFO", "message": "Execute PipelineRun 15, BlockRun 2384: pipeline qb_invoices_backfill_copy_3 block qbo_fetcher_2:item_backfill_2025-10-17", "timestamp": 1770003930.66642, "uuid": "9674bed15d4f487c85557f4303372f55"}
2026-02-02T03:45:31 {"block_run_id": 2382, "block_uuid": "qbo_fetcher_2:item_backfill_2025-10-15", "pipeline_run_id": 15, "pipeline_schedule_id": 5, "pipeline_uuid": "qb_invoices_backfill_copy_3", "hostname": "249f5e6a7a89", "level": "INFO", "message": "BlockRun 2382 (block_uuid: qbo_fetcher_2:item_backfill_2025-10-15) completes.", "timestamp": 1770003931.452981, "uuid": "4aa63a5fd04f438f8bd9053518872417"}
2026-02-02T03:45:31 {"block_run_id": 2380, "block_uuid": "qbo_fetcher_2:item_backfill_2025-10-13", "pipeline_run_id": 15, "pipeline_schedule_id": 5, "pipeline_uuid": "qb_invoices_backfill_copy_3", "hostname": "249f5e6a7a89", "level": "INFO", "message": "BlockRun 2380 (block_uuid: qbo_fetcher_2:item_backfill_2025-10-13) completes.", "timestamp": 1770003931.469393, "uuid": "710bec396f174100b9db0dbe8105017b"}
2026-02-02T03:45:31 {"block_run_id": 2383, "block_uuid": "qbo_fetcher_2:item_backfill_2025-10-16", "pipeline_run_id": 15, "pipeline_schedule_id": 5, "pipeline_uuid": "qb_invoices_backfill_copy_3", "hostname": "249f5e6a7a89", "level": "INFO", "message": "BlockRun 2383 (block_uuid: qbo_fetcher_2:item_backfill_2025-10-16) completes.", "timestamp": 1770003931.488476, "uuid": "a1217159a2f24bb7a38ff9b775c3f0ea"}
2026-02-02T03:45:31 {"block_run_id": 2381, "block_uuid": "qbo_fetcher_2:item_backfill_2025-10-14", "pipeline_run_id": 15, "pipeline_schedule_id": 5, "pipeline_uuid": "qb_invoices_backfill_copy_3", "hostname": "249f5e6a7a89", "level": "INFO", "message": "BlockRun 2381 (block_uuid: qbo_fetcher_2:item_backfill_2025-10-14) completes.", "timestamp": 1770003931.507978, "uuid": "520aae93e4b34d258075804f49ee2549"}
2026-02-02T03:45:31 {"block_run_id": 2385, "block_uuid": "qbo_fetcher_2:item_backfill_2025-10-18", "pipeline_run_id": 15, "pipeline_schedule_id": 5, "pipeline_uuid": "qb_invoices_backfill_copy_3", "hostname": "249f5e6a7a89", "level": "INFO", "message": "Execute PipelineRun 15, BlockRun 2385: pipeline qb_invoices_backfill_copy_3 block qbo_fetcher_2:item_backfill_2025-10-18", "timestamp": 1770003931.695687, "uuid": "3e18d965bed94753907e044207899f4d"}
2026-02-02T03:45:31 {"block_run_id": 2386, "block_uuid": "qbo_fetcher_2:item_backfill_2025-10-19", "pipeline_run_id": 15, "pipeline_schedule_id": 5, "pipeline_uuid": "qb_invoices_backfill_copy_3", "hostname": "249f5e6a7a89", "level": "INFO", "message": "Execute PipelineRun 15, BlockRun 2386: pipeline qb_invoices_backfill_copy_3 block qbo_fetcher_2:item_backfill_2025-10-19", "timestamp": 1770003931.695679, "uuid": "20a86d996c194076aa4b72ff7e703fe1"}
2026-02-02T03:45:31 {"block_run_id": 2388, "block_uuid": "qbo_fetcher_2:item_backfill_2025-10-21", "pipeline_run_id": 15, "pipeline_schedule_id": 5, "pipeline_uuid": "qb_invoices_backfill_copy_3", "hostname": "249f5e6a7a89", "level": "INFO", "message": "Execute PipelineRun 15, BlockRun 2388: pipeline qb_invoices_backfill_copy_3 block qbo_fetcher_2:item_backfill_2025-10-21", "timestamp": 1770003931.721634, "uuid": "7cb2749b233c455789f87a3bc3514623"}
2026-02-02T03:45:31 {"block_run_id": 2387, "block_uuid": "qbo_fetcher_2:item_backfill_2025-10-20", "pipeline_run_id": 15, "pipeline_schedule_id": 5, "pipeline_uuid": "qb_invoices_backfill_copy_3", "hostname": "249f5e6a7a89", "level": "INFO", "message": "Execute PipelineRun 15, BlockRun 2387: pipeline qb_invoices_backfill_copy_3 block qbo_fetcher_2:item_backfill_2025-10-20", "timestamp": 1770003931.739879, "uuid": "b1e1199a17c84ef581d0003cfe95dfc1"}
2026-02-02T03:45:33 {"block_run_id": 2384, "block_uuid": "qbo_fetcher_2:item_backfill_2025-10-17", "pipeline_run_id": 15, "pipeline_schedule_id": 5, "pipeline_uuid": "qb_invoices_backfill_copy_3", "hostname": "249f5e6a7a89", "level": "INFO", "message": "BlockRun 2384 (block_uuid: qbo_fetcher_2:item_backfill_2025-10-17) completes.", "timestamp": 1770003933.113203, "uuid": "7064f74bd34649ffa5e8cf4d5a4e58fd"}
2026-02-02T03:45:33 {"block_run_id": 2385, "block_uuid": "qbo_fetcher_2:item_backfill_2025-10-18", "pipeline_run_id": 15, "pipeline_schedule_id": 5, "pipeline_uuid": "qb_invoices_backfill_copy_3", "hostname": "249f5e6a7a89", "level": "INFO", "message": "BlockRun 2385 (block_uuid: qbo_fetcher_2:item_backfill_2025-10-18) completes.", "timestamp": 1770003933.486156, "uuid": "8d6abdf0edfa4f01955cb478efdbc9c5"}
2026-02-02T03:45:33 {"block_run_id": 2386, "block_uuid": "qbo_fetcher_2:item_backfill_2025-10-19", "pipeline_run_id": 15, "pipeline_schedule_id": 5, "pipeline_uuid": "qb_invoices_backfill_copy_3", "hostname": "249f5e6a7a89", "level": "INFO", "message": "BlockRun 2386 (block_uuid: qbo_fetcher_2:item_backfill_2025-10-19) completes.", "timestamp": 1770003933.50943, "uuid": "9fbf23e04f944221bd57eee6e53e7f82"}
2026-02-02T03:45:33 {"block_run_id": 2388, "block_uuid": "qbo_fetcher_2:item_backfill_2025-10-21", "pipeline_run_id": 15, "pipeline_schedule_id": 5, "pipeline_uuid": "qb_invoices_backfill_copy_3", "hostname": "249f5e6a7a89", "level": "INFO", "message": "BlockRun 2388 (block_uuid: qbo_fetcher_2:item_backfill_2025-10-21) completes.", "timestamp": 1770003933.527457, "uuid": "a2fe031eeb8a46c4993c041ebf986c53"}
2026-02-02T03:45:33 {"block_run_id": 2387, "block_uuid": "qbo_fetcher_2:item_backfill_2025-10-20", "pipeline_run_id": 15, "pipeline_schedule_id": 5, "pipeline_uuid": "qb_invoices_backfill_copy_3", "hostname": "249f5e6a7a89", "level": "INFO", "message": "BlockRun 2387 (block_uuid: qbo_fetcher_2:item_backfill_2025-10-20) completes.", "timestamp": 1770003933.5511, "uuid": "b82e1116d75b452ea3796476f96da579"}
2026-02-02T03:45:33 {"block_run_id": 2389, "block_uuid": "qbo_fetcher_2:item_backfill_2025-10-22", "pipeline_run_id": 15, "pipeline_schedule_id": 5, "pipeline_uuid": "qb_invoices_backfill_copy_3", "hostname": "249f5e6a7a89", "level": "INFO", "message": "Execute PipelineRun 15, BlockRun 2389: pipeline qb_invoices_backfill_copy_3 block qbo_fetcher_2:item_backfill_2025-10-22", "timestamp": 1770003933.746968, "uuid": "71e3871658a04c66bc025504c3e38c9d"}
2026-02-02T03:45:33 {"block_run_id": 2391, "block_uuid": "qbo_fetcher_2:item_backfill_2025-10-24", "pipeline_run_id": 15, "pipeline_schedule_id": 5, "pipeline_uuid": "qb_invoices_backfill_copy_3", "hostname": "249f5e6a7a89", "level": "INFO", "message": "Execute PipelineRun 15, BlockRun 2391: pipeline qb_invoices_backfill_copy_3 block qbo_fetcher_2:item_backfill_2025-10-24", "timestamp": 1770003933.748351, "uuid": "35a3686848b547ea9c939d55067d529e"}
2026-02-02T03:45:33 {"block_run_id": 2392, "block_uuid": "qbo_fetcher_2:item_backfill_2025-10-25", "pipeline_run_id": 15, "pipeline_schedule_id": 5, "pipeline_uuid": "qb_invoices_backfill_copy_3", "hostname": "249f5e6a7a89", "level": "INFO", "message": "Execute PipelineRun 15, BlockRun 2392: pipeline qb_invoices_backfill_copy_3 block qbo_fetcher_2:item_backfill_2025-10-25", "timestamp": 1770003933.767484, "uuid": "80e3d3aa70114b67be0d701319507a8b"}
2026-02-02T03:45:33 {"block_run_id": 2390, "block_uuid": "qbo_fetcher_2:item_backfill_2025-10-23", "pipeline_run_id": 15, "pipeline_schedule_id": 5, "pipeline_uuid": "qb_invoices_backfill_copy_3", "hostname": "249f5e6a7a89", "level": "INFO", "message": "Execute PipelineRun 15, BlockRun 2390: pipeline qb_invoices_backfill_copy_3 block qbo_fetcher_2:item_backfill_2025-10-23", "timestamp": 1770003933.788351, "uuid": "a63aacf21aff4b53b6234a63f47f42b2"}
2026-02-02T03:45:33 {"block_run_id": 2393, "block_uuid": "qbo_fetcher_2:item_backfill_2025-10-26", "pipeline_run_id": 15, "pipeline_schedule_id": 5, "pipeline_uuid": "qb_invoices_backfill_copy_3", "hostname": "249f5e6a7a89", "level": "INFO", "message": "Execute PipelineRun 15, BlockRun 2393: pipeline qb_invoices_backfill_copy_3 block qbo_fetcher_2:item_backfill_2025-10-26", "timestamp": 1770003933.81101, "uuid": "f8d0a88b14584ede9a19bc6e234f7f83"}
2026-02-02T03:45:35 {"block_run_id": 2389, "block_uuid": "qbo_fetcher_2:item_backfill_2025-10-22", "pipeline_run_id": 15, "pipeline_schedule_id": 5, "pipeline_uuid": "qb_invoices_backfill_copy_3", "hostname": "249f5e6a7a89", "level": "INFO", "message": "BlockRun 2389 (block_uuid: qbo_fetcher_2:item_backfill_2025-10-22) completes.", "timestamp": 1770003935.57701, "uuid": "dc492a676a4f4994911a4399c9e725a7"}
2026-02-02T03:45:35 {"block_run_id": 2391, "block_uuid": "qbo_fetcher_2:item_backfill_2025-10-24", "pipeline_run_id": 15, "pipeline_schedule_id": 5, "pipeline_uuid": "qb_invoices_backfill_copy_3", "hostname": "249f5e6a7a89", "level": "INFO", "message": "BlockRun 2391 (block_uuid: qbo_fetcher_2:item_backfill_2025-10-24) completes.", "timestamp": 1770003935.598512, "uuid": "6111aa4f03d4440b97f9b805c05affaf"}
2026-02-02T03:45:35 {"block_run_id": 2390, "block_uuid": "qbo_fetcher_2:item_backfill_2025-10-23", "pipeline_run_id": 15, "pipeline_schedule_id": 5, "pipeline_uuid": "qb_invoices_backfill_copy_3", "hostname": "249f5e6a7a89", "level": "INFO", "message": "BlockRun 2390 (block_uuid: qbo_fetcher_2:item_backfill_2025-10-23) completes.", "timestamp": 1770003935.620259, "uuid": "4f9d1eb1ac274361b523ba584d4b932c"}
2026-02-02T03:45:35 {"block_run_id": 2392, "block_uuid": "qbo_fetcher_2:item_backfill_2025-10-25", "pipeline_run_id": 15, "pipeline_schedule_id": 5, "pipeline_uuid": "qb_invoices_backfill_copy_3", "hostname": "249f5e6a7a89", "level": "INFO", "message": "BlockRun 2392 (block_uuid: qbo_fetcher_2:item_backfill_2025-10-25) completes.", "timestamp": 1770003935.637, "uuid": "6fd85a7598514147a3d2c5eeba09f216"}
2026-02-02T03:45:35 {"block_run_id": 2393, "block_uuid": "qbo_fetcher_2:item_backfill_2025-10-26", "pipeline_run_id": 15, "pipeline_schedule_id": 5, "pipeline_uuid": "qb_invoices_backfill_copy_3", "hostname": "249f5e6a7a89", "level": "INFO", "message": "BlockRun 2393 (block_uuid: qbo_fetcher_2:item_backfill_2025-10-26) completes.", "timestamp": 1770003935.678886, "uuid": "40dadcc3fa5246cdad4032d481a8f953"}
2026-02-02T03:45:35 {"block_run_id": 2394, "block_uuid": "qbo_fetcher_2:item_backfill_2025-10-27", "pipeline_run_id": 15, "pipeline_schedule_id": 5, "pipeline_uuid": "qb_invoices_backfill_copy_3", "hostname": "249f5e6a7a89", "level": "INFO", "message": "Execute PipelineRun 15, BlockRun 2394: pipeline qb_invoices_backfill_copy_3 block qbo_fetcher_2:item_backfill_2025-10-27", "timestamp": 1770003935.788892, "uuid": "a13ebae5ec1842279ad3c36b76b688aa"}
2026-02-02T03:45:35 {"block_run_id": 2396, "block_uuid": "qbo_fetcher_2:item_backfill_2025-10-29", "pipeline_run_id": 15, "pipeline_schedule_id": 5, "pipeline_uuid": "qb_invoices_backfill_copy_3", "hostname": "249f5e6a7a89", "level": "INFO", "message": "Execute PipelineRun 15, BlockRun 2396: pipeline qb_invoices_backfill_copy_3 block qbo_fetcher_2:item_backfill_2025-10-29", "timestamp": 1770003935.80937, "uuid": "38db236dcd2a45e484dd06521a17a93e"}
2026-02-02T03:45:35 {"block_run_id": 2397, "block_uuid": "qbo_fetcher_2:item_backfill_2025-10-30", "pipeline_run_id": 15, "pipeline_schedule_id": 5, "pipeline_uuid": "qb_invoices_backfill_copy_3", "hostname": "249f5e6a7a89", "level": "INFO", "message": "Execute PipelineRun 15, BlockRun 2397: pipeline qb_invoices_backfill_copy_3 block qbo_fetcher_2:item_backfill_2025-10-30", "timestamp": 1770003935.814335, "uuid": "4d64133b724843809ce9042d20c52caf"}
2026-02-02T03:45:35 {"block_run_id": 2395, "block_uuid": "qbo_fetcher_2:item_backfill_2025-10-28", "pipeline_run_id": 15, "pipeline_schedule_id": 5, "pipeline_uuid": "qb_invoices_backfill_copy_3", "hostname": "249f5e6a7a89", "level": "INFO", "message": "Execute PipelineRun 15, BlockRun 2395: pipeline qb_invoices_backfill_copy_3 block qbo_fetcher_2:item_backfill_2025-10-28", "timestamp": 1770003935.850793, "uuid": "9bb9c824c9224b9a83d9a5eafe35b026"}
2026-02-02T03:45:35 {"block_run_id": 2398, "block_uuid": "qbo_fetcher_2:item_backfill_2025-10-31", "pipeline_run_id": 15, "pipeline_schedule_id": 5, "pipeline_uuid": "qb_invoices_backfill_copy_3", "hostname": "249f5e6a7a89", "level": "INFO", "message": "Execute PipelineRun 15, BlockRun 2398: pipeline qb_invoices_backfill_copy_3 block qbo_fetcher_2:item_backfill_2025-10-31", "timestamp": 1770003935.85109, "uuid": "06442fe71c9c4bd99174dac1feca9639"}
2026-02-02T03:45:37 {"block_run_id": 2397, "block_uuid": "qbo_fetcher_2:item_backfill_2025-10-30", "pipeline_run_id": 15, "pipeline_schedule_id": 5, "pipeline_uuid": "qb_invoices_backfill_copy_3", "hostname": "249f5e6a7a89", "level": "INFO", "message": "BlockRun 2397 (block_uuid: qbo_fetcher_2:item_backfill_2025-10-30) completes.", "timestamp": 1770003937.761083, "uuid": "b38a7206efbc49d2a1d04926e3667f34"}
2026-02-02T03:45:37 {"block_run_id": 2396, "block_uuid": "qbo_fetcher_2:item_backfill_2025-10-29", "pipeline_run_id": 15, "pipeline_schedule_id": 5, "pipeline_uuid": "qb_invoices_backfill_copy_3", "hostname": "249f5e6a7a89", "level": "INFO", "message": "BlockRun 2396 (block_uuid: qbo_fetcher_2:item_backfill_2025-10-29) completes.", "timestamp": 1770003937.797378, "uuid": "402499975be041088c2145b5328391c8"}
2026-02-02T03:45:37 {"block_run_id": 2394, "block_uuid": "qbo_fetcher_2:item_backfill_2025-10-27", "pipeline_run_id": 15, "pipeline_schedule_id": 5, "pipeline_uuid": "qb_invoices_backfill_copy_3", "hostname": "249f5e6a7a89", "level": "INFO", "message": "BlockRun 2394 (block_uuid: qbo_fetcher_2:item_backfill_2025-10-27) completes.", "timestamp": 1770003937.802474, "uuid": "dd80a18b763149b595d7118d8ac9c4ca"}
2026-02-02T03:45:37 {"block_run_id": 2398, "block_uuid": "qbo_fetcher_2:item_backfill_2025-10-31", "pipeline_run_id": 15, "pipeline_schedule_id": 5, "pipeline_uuid": "qb_invoices_backfill_copy_3", "hostname": "249f5e6a7a89", "level": "INFO", "message": "BlockRun 2398 (block_uuid: qbo_fetcher_2:item_backfill_2025-10-31) completes.", "timestamp": 1770003937.821224, "uuid": "7bff613a60c1419d8cfbccc4c8e40d3e"}
2026-02-02T03:45:37 {"cpu": 0.56884765625, "cpu_total": 16, "cpu_usage": 0.035552978515625, "memory": 2331.0, "memory_total": 19640.0, "memory_usage": 0.11868635437881873, "pipeline_run_id": 15, "pipeline_schedule_id": 5, "pipeline_uuid": "qb_invoices_backfill_copy_3", "hostname": "249f5e6a7a89", "level": "INFO", "message": "Pipeline qb_invoices_backfill_copy_3 for run 15 in schedule 5 is alive.", "timestamp": 1770003937.894817, "uuid": "148edc89d41448fa872e4b4cbe341ded"}
2026-02-02T03:45:37 {"block_run_id": 2395, "block_uuid": "qbo_fetcher_2:item_backfill_2025-10-28", "pipeline_run_id": 15, "pipeline_schedule_id": 5, "pipeline_uuid": "qb_invoices_backfill_copy_3", "hostname": "249f5e6a7a89", "level": "INFO", "message": "BlockRun 2395 (block_uuid: qbo_fetcher_2:item_backfill_2025-10-28) completes.", "timestamp": 1770003937.967076, "uuid": "1216fe4b42a64eeca2220c23235bb97b"}
